i:\classes\dsa1\det2948engine\det2948engine\debug\vc140.pdb
i:\classes\dsa1\det2948engine\det2948engine\debug\vc140.idb
i:\classes\dsa1\det2948engine\det2948engine\debug\camera.obj
i:\classes\dsa1\det2948engine\det2948engine\debug\engine.obj
i:\classes\dsa1\det2948engine\det2948engine\debug\game.obj
i:\classes\dsa1\det2948engine\det2948engine\debug\gameobject.obj
i:\classes\dsa1\det2948engine\det2948engine\debug\mesh.obj
i:\classes\dsa1\det2948engine\det2948engine\debug\shader.obj
i:\classes\dsa1\det2948engine\det2948engine\debug\timer.obj
i:\classes\dsa1\det2948engine\det2948engine\debug\messagebus.obj
i:\classes\dsa1\det2948engine\det2948engine\debug\renderer.obj
i:\classes\dsa1\det2948engine\det2948engine\debug\material.obj
i:\classes\dsa1\det2948engine\det2948engine\debug\renderf.obj
i:\classes\dsa1\det2948engine\det2948engine\debug\teapotgo.obj
i:\classes\dsa1\det2948engine\debug\det2948engine.ilk
i:\classes\dsa1\det2948engine\debug\det2948engine.exe
i:\classes\dsa1\det2948engine\debug\det2948engine.pdb
g:\classes\dsa1\det2948engine\det2948engine\debug\camera.obj
g:\classes\dsa1\det2948engine\det2948engine\debug\engine.obj
g:\classes\dsa1\det2948engine\det2948engine\debug\game.obj
g:\classes\dsa1\det2948engine\det2948engine\debug\gameobject.obj
g:\classes\dsa1\det2948engine\det2948engine\debug\main.obj
g:\classes\dsa1\det2948engine\det2948engine\debug\material.obj
g:\classes\dsa1\det2948engine\det2948engine\debug\mesh.obj
g:\classes\dsa1\det2948engine\det2948engine\debug\messagebus.obj
g:\classes\dsa1\det2948engine\det2948engine\debug\renderer.obj
g:\classes\dsa1\det2948engine\det2948engine\debug\renderf.obj
g:\classes\dsa1\det2948engine\det2948engine\debug\shader.obj
g:\classes\dsa1\det2948engine\det2948engine\debug\teapotgo.obj
g:\classes\dsa1\det2948engine\det2948engine\debug\timer.obj
g:\classes\dsa1\det2948engine\det2948engine\debug\engine.new.obj.enc
g:\classes\dsa1\det2948engine\det2948engine\debug\engine.obj.enc
g:\classes\dsa1\det2948engine\det2948engine\debug\vc140.idb
g:\classes\dsa1\det2948engine\det2948engine\debug\vc140.pdb
g:\classes\dsa1\det2948engine\debug\det2948engine.pdb
g:\classes\dsa1\det2948engine\debug\det2948engine.exe
g:\classes\dsa1\det2948engine\debug\det2948engine.ilk
g:\classes\dsa1\det2948engine\det2948engine\debug\det2948engine.tlog\cl.command.1.tlog
g:\classes\dsa1\det2948engine\det2948engine\debug\det2948engine.tlog\cl.read.1.tlog
g:\classes\dsa1\det2948engine\det2948engine\debug\det2948engine.tlog\cl.write.1.tlog
g:\classes\dsa1\det2948engine\det2948engine\debug\det2948engine.tlog\link.command.1.tlog
g:\classes\dsa1\det2948engine\det2948engine\debug\det2948engine.tlog\link.read.1.tlog
g:\classes\dsa1\det2948engine\det2948engine\debug\det2948engine.tlog\link.write.1.tlog
